  [1m[36mCity Load (0.3ms)[0m  [1m[34mSELECT "cities".* FROM "cities"[0m
  [1m[35m (0.1ms)[0m  [1m[34mSELECT sqlite_version(*)[0m
  ↳ bin/rails:9
  [1m[35m (10.9ms)[0m  [1m[35mCREATE TABLE "schema_migrations" ("version" varchar NOT NULL PRIMARY KEY)[0m
  ↳ bin/rails:9
  [1m[35m (11.1ms)[0m  [1m[35mCREATE TABLE "ar_internal_metadata" ("key" varchar NOT NULL PRIMARY KEY, "value" varchar, "created_at" datetime NOT NULL, "updated_at" datetime NOT NULL)[0m
  ↳ bin/rails:9
  [1m[35m (0.1ms)[0m  [1m[34mSELECT "schema_migrations"."version" FROM "schema_migrations" ORDER BY "schema_migrations"."version" ASC[0m
  ↳ bin/rails:9
Migrating to CreateChiens (20190131145709)
  [1m[35m (0.1ms)[0m  [1m[36mbegin transaction[0m
  ↳ bin/rails:9
  [1m[35m (0.3ms)[0m  [1m[35mCREATE TABLE "chiens" ("id" integer PRIMARY KEY AUTOINCREMENT NOT NULL, "name" varchar, "city_id" integer)[0m
  ↳ db/migrate/20190131145709_create_chiens.rb:3
  [1m[35m (0.1ms)[0m  [1m[35mCREATE  INDEX "index_chiens_on_city_id" ON "chiens" ("city_id")[0m
  ↳ db/migrate/20190131145709_create_chiens.rb:3
  [1m[36mActiveRecord::SchemaMigration Create (0.1ms)[0m  [1m[32mINSERT INTO "schema_migrations" ("version") VALUES (?)[0m  [["version", "20190131145709"]]
  ↳ bin/rails:9
  [1m[35m (10.1ms)[0m  [1m[36mcommit transaction[0m
  ↳ bin/rails:9
Migrating to CreateDogSitters (20190131145827)
  [1m[35m (0.1ms)[0m  [1m[36mbegin transaction[0m
  ↳ bin/rails:9
  [1m[35m (0.5ms)[0m  [1m[35mCREATE TABLE "dog_sitters" ("id" integer PRIMARY KEY AUTOINCREMENT NOT NULL, "name" varchar, "city_id" integer)[0m
  ↳ db/migrate/20190131145827_create_dog_sitters.rb:3
  [1m[35m (0.3ms)[0m  [1m[35mCREATE  INDEX "index_dog_sitters_on_city_id" ON "dog_sitters" ("city_id")[0m
  ↳ db/migrate/20190131145827_create_dog_sitters.rb:3
  [1m[36mActiveRecord::SchemaMigration Create (0.2ms)[0m  [1m[32mINSERT INTO "schema_migrations" ("version") VALUES (?)[0m  [["version", "20190131145827"]]
  ↳ bin/rails:9
  [1m[35m (5.8ms)[0m  [1m[36mcommit transaction[0m
  ↳ bin/rails:9
Migrating to CreateCities (20190131145909)
  [1m[35m (1.2ms)[0m  [1m[36mbegin transaction[0m
  ↳ bin/rails:9
  [1m[35m (0.5ms)[0m  [1m[35mCREATE TABLE "cities" ("id" integer PRIMARY KEY AUTOINCREMENT NOT NULL, "name" varchar)[0m
  ↳ db/migrate/20190131145909_create_cities.rb:3
  [1m[36mActiveRecord::SchemaMigration Create (1.2ms)[0m  [1m[32mINSERT INTO "schema_migrations" ("version") VALUES (?)[0m  [["version", "20190131145909"]]
  ↳ bin/rails:9
  [1m[35m (11.5ms)[0m  [1m[36mcommit transaction[0m
  ↳ bin/rails:9
Migrating to CreateStrolls (20190131145959)
  [1m[35m (0.1ms)[0m  [1m[36mbegin transaction[0m
  ↳ bin/rails:9
  [1m[35m (0.6ms)[0m  [1m[35mCREATE TABLE "strolls" ("id" integer PRIMARY KEY AUTOINCREMENT NOT NULL, "date" date, "chien_id" integer, "dog_sitter_id" integer)[0m
  ↳ db/migrate/20190131145959_create_strolls.rb:3
  [1m[35m (0.3ms)[0m  [1m[35mCREATE  INDEX "index_strolls_on_chien_id" ON "strolls" ("chien_id")[0m
  ↳ db/migrate/20190131145959_create_strolls.rb:3
  [1m[35m (0.3ms)[0m  [1m[35mCREATE  INDEX "index_strolls_on_dog_sitter_id" ON "strolls" ("dog_sitter_id")[0m
  ↳ db/migrate/20190131145959_create_strolls.rb:3
  [1m[36mActiveRecord::SchemaMigration Create (0.2ms)[0m  [1m[32mINSERT INTO "schema_migrations" ("version") VALUES (?)[0m  [["version", "20190131145959"]]
  ↳ bin/rails:9
  [1m[35m (10.6ms)[0m  [1m[36mcommit transaction[0m
  ↳ bin/rails:9
  [1m[36mActiveRecord::InternalMetadata Load (0.4ms)[0m  [1m[34mSELECT  "ar_internal_metadata".* FROM "ar_internal_metadata" WHERE "ar_internal_metadata"."key" = ? LIMIT ?[0m  [["key", "environment"], ["LIMIT", 1]]
  ↳ bin/rails:9
  [1m[35m (0.1ms)[0m  [1m[36mbegin transaction[0m
  ↳ bin/rails:9
  [1m[36mActiveRecord::InternalMetadata Create (0.2ms)[0m  [1m[32mINSERT INTO "ar_internal_metadata" ("key", "value", "created_at", "updated_at") VALUES (?, ?, ?, ?)[0m  [["key", "environment"], ["value", "development"], ["created_at", "2019-01-31 18:39:30.420736"], ["updated_at", "2019-01-31 18:39:30.420736"]]
  ↳ bin/rails:9
  [1m[35m (4.7ms)[0m  [1m[36mcommit transaction[0m
  ↳ bin/rails:9
  [1m[35m (0.1ms)[0m  [1m[34mSELECT "schema_migrations"."version" FROM "schema_migrations" ORDER BY "schema_migrations"."version" ASC[0m
  ↳ bin/rails:9
  [1m[35m (0.1ms)[0m  [1m[34mSELECT "schema_migrations"."version" FROM "schema_migrations" ORDER BY "schema_migrations"."version" ASC[0m
  ↳ bin/rails:9
  [1m[36mChien Load (0.1ms)[0m  [1m[34mSELECT "chiens".* FROM "chiens"[0m
  ↳ db/seeds.rb:11
  [1m[36mDogSitter Load (0.1ms)[0m  [1m[34mSELECT "dog_sitters".* FROM "dog_sitters"[0m
  ↳ db/seeds.rb:12
  [1m[36mStroll Load (0.1ms)[0m  [1m[34mSELECT "strolls".* FROM "strolls"[0m
  ↳ db/seeds.rb:13
  [1m[36mCity Load (0.1ms)[0m  [1m[34mSELECT "cities".* FROM "cities"[0m
  ↳ db/seeds.rb:14
  [1m[35m (0.1ms)[0m  [1m[31mDELETE from sqlite_sequence where name = 'chiens'[0m
  ↳ db/seeds.rb:15
  [1m[35m (0.1ms)[0m  [1m[31mDELETE from sqlite_sequence where name = 'dog_sitters'[0m
  ↳ db/seeds.rb:16
  [1m[35m (0.1ms)[0m  [1m[31mDELETE from sqlite_sequence where name = 'strolls'[0m
  ↳ db/seeds.rb:17
  [1m[35m (0.1ms)[0m  [1m[31mDELETE from sqlite_sequence where name = 'cities'[0m
  ↳ db/seeds.rb:18
  [1m[35m (0.0ms)[0m  [1m[36mbegin transaction[0m
  ↳ db/seeds.rb:21
  [1m[36mCity Create (0.2ms)[0m  [1m[32mINSERT INTO "cities" ("name") VALUES (?)[0m  [["name", "Port-of-Spain"]]
  ↳ db/seeds.rb:21
  [1m[35m (12.8ms)[0m  [1m[36mcommit transaction[0m
  ↳ db/seeds.rb:21
  [1m[35m (0.0ms)[0m  [1m[36mbegin transaction[0m
  ↳ db/seeds.rb:21
  [1m[36mCity Create (0.1ms)[0m  [1m[32mINSERT INTO "cities" ("name") VALUES (?)[0m  [["name", "Kampala"]]
  ↳ db/seeds.rb:21
  [1m[35m (7.7ms)[0m  [1m[36mcommit transaction[0m
  ↳ db/seeds.rb:21
  [1m[36mCity Load (0.1ms)[0m  [1m[34mSELECT "cities".* FROM "cities"[0m
  ↳ db/seeds.rb:25
  [1m[35m (0.0ms)[0m  [1m[36mbegin transaction[0m
  ↳ db/seeds.rb:25
  [1m[36mCity Load (0.1ms)[0m  [1m[34mSELECT  "cities".* FROM "cities" WHERE "cities"."id" = ? LIMIT ?[0m  [["id", 1], ["LIMIT", 1]]
  ↳ db/seeds.rb:25
  [1m[36mChien Create (0.2ms)[0m  [1m[32mINSERT INTO "chiens" ("name", "city_id") VALUES (?, ?)[0m  [["name", "Adams"], ["city_id", 1]]
  ↳ db/seeds.rb:25
  [1m[35m (5.5ms)[0m  [1m[36mcommit transaction[0m
  ↳ db/seeds.rb:25
  [1m[36mCity Load (0.1ms)[0m  [1m[34mSELECT "cities".* FROM "cities"[0m
  ↳ db/seeds.rb:26
  [1m[35m (0.0ms)[0m  [1m[36mbegin transaction[0m
  ↳ db/seeds.rb:26
  [1m[36mCity Load (0.0ms)[0m  [1m[34mSELECT  "cities".* FROM "cities" WHERE "cities"."id" = ? LIMIT ?[0m  [["id", 2], ["LIMIT", 1]]
  ↳ db/seeds.rb:26
  [1m[36mDogSitter Create (0.1ms)[0m  [1m[32mINSERT INTO "dog_sitters" ("name", "city_id") VALUES (?, ?)[0m  [["name", "Thaddeus Macejkovic IV"], ["city_id", 2]]
  ↳ db/seeds.rb:26
  [1m[35m (6.1ms)[0m  [1m[36mcommit transaction[0m
  ↳ db/seeds.rb:26
  [1m[36mCity Load (0.2ms)[0m  [1m[34mSELECT "cities".* FROM "cities"[0m
  ↳ db/seeds.rb:25
  [1m[35m (0.1ms)[0m  [1m[36mbegin transaction[0m
  ↳ db/seeds.rb:25
  [1m[36mCity Load (0.1ms)[0m  [1m[34mSELECT  "cities".* FROM "cities" WHERE "cities"."id" = ? LIMIT ?[0m  [["id", 2], ["LIMIT", 1]]
  ↳ db/seeds.rb:25
  [1m[36mChien Create (0.4ms)[0m  [1m[32mINSERT INTO "chiens" ("name", "city_id") VALUES (?, ?)[0m  [["name", "Legros"], ["city_id", 2]]
  ↳ db/seeds.rb:25
  [1m[35m (8.5ms)[0m  [1m[36mcommit transaction[0m
  ↳ db/seeds.rb:25
  [1m[36mCity Load (0.2ms)[0m  [1m[34mSELECT "cities".* FROM "cities"[0m
  ↳ db/seeds.rb:26
  [1m[35m (0.1ms)[0m  [1m[36mbegin transaction[0m
  ↳ db/seeds.rb:26
  [1m[36mCity Load (0.1ms)[0m  [1m[34mSELECT  "cities".* FROM "cities" WHERE "cities"."id" = ? LIMIT ?[0m  [["id", 2], ["LIMIT", 1]]
  ↳ db/seeds.rb:26
  [1m[36mDogSitter Create (0.4ms)[0m  [1m[32mINSERT INTO "dog_sitters" ("name", "city_id") VALUES (?, ?)[0m  [["name", "Armando Rohan"], ["city_id", 2]]
  ↳ db/seeds.rb:26
  [1m[35m (9.0ms)[0m  [1m[36mcommit transaction[0m
  ↳ db/seeds.rb:26
  [1m[36mCity Load (0.2ms)[0m  [1m[34mSELECT "cities".* FROM "cities"[0m
  ↳ db/seeds.rb:25
  [1m[35m (0.1ms)[0m  [1m[36mbegin transaction[0m
  ↳ db/seeds.rb:25
  [1m[36mCity Load (0.1ms)[0m  [1m[34mSELECT  "cities".* FROM "cities" WHERE "cities"."id" = ? LIMIT ?[0m  [["id", 1], ["LIMIT", 1]]
  ↳ db/seeds.rb:25
  [1m[36mChien Create (0.4ms)[0m  [1m[32mINSERT INTO "chiens" ("name", "city_id") VALUES (?, ?)[0m  [["name", "VonRueden"], ["city_id", 1]]
  ↳ db/seeds.rb:25
  [1m[35m (4.5ms)[0m  [1m[36mcommit transaction[0m
  ↳ db/seeds.rb:25
  [1m[36mCity Load (0.2ms)[0m  [1m[34mSELECT "cities".* FROM "cities"[0m
  ↳ db/seeds.rb:26
  [1m[35m (0.1ms)[0m  [1m[36mbegin transaction[0m
  ↳ db/seeds.rb:26
  [1m[36mCity Load (0.2ms)[0m  [1m[34mSELECT  "cities".* FROM "cities" WHERE "cities"."id" = ? LIMIT ?[0m  [["id", 1], ["LIMIT", 1]]
  ↳ db/seeds.rb:26
  [1m[36mDogSitter Create (0.4ms)[0m  [1m[32mINSERT INTO "dog_sitters" ("name", "city_id") VALUES (?, ?)[0m  [["name", "Sibyl Russel MD"], ["city_id", 1]]
  ↳ db/seeds.rb:26
  [1m[35m (4.2ms)[0m  [1m[36mcommit transaction[0m
  ↳ db/seeds.rb:26
  [1m[36mCity Load (0.2ms)[0m  [1m[34mSELECT "cities".* FROM "cities"[0m
  ↳ db/seeds.rb:25
  [1m[35m (0.1ms)[0m  [1m[36mbegin transaction[0m
  ↳ db/seeds.rb:25
  [1m[36mCity Load (0.1ms)[0m  [1m[34mSELECT  "cities".* FROM "cities" WHERE "cities"."id" = ? LIMIT ?[0m  [["id", 2], ["LIMIT", 1]]
  ↳ db/seeds.rb:25
  [1m[36mChien Create (0.4ms)[0m  [1m[32mINSERT INTO "chiens" ("name", "city_id") VALUES (?, ?)[0m  [["name", "Cummerata"], ["city_id", 2]]
  ↳ db/seeds.rb:25
  [1m[35m (8.8ms)[0m  [1m[36mcommit transaction[0m
  ↳ db/seeds.rb:25
  [1m[36mCity Load (0.2ms)[0m  [1m[34mSELECT "cities".* FROM "cities"[0m
  ↳ db/seeds.rb:26
  [1m[35m (0.1ms)[0m  [1m[36mbegin transaction[0m
  ↳ db/seeds.rb:26
  [1m[36mCity Load (0.1ms)[0m  [1m[34mSELECT  "cities".* FROM "cities" WHERE "cities"."id" = ? LIMIT ?[0m  [["id", 1], ["LIMIT", 1]]
  ↳ db/seeds.rb:26
  [1m[36mDogSitter Create (0.4ms)[0m  [1m[32mINSERT INTO "dog_sitters" ("name", "city_id") VALUES (?, ?)[0m  [["name", "Noah Wiegand"], ["city_id", 1]]
  ↳ db/seeds.rb:26
  [1m[35m (9.0ms)[0m  [1m[36mcommit transaction[0m
  ↳ db/seeds.rb:26
  [1m[36mCity Load (0.2ms)[0m  [1m[34mSELECT "cities".* FROM "cities"[0m
  ↳ db/seeds.rb:25
  [1m[35m (0.1ms)[0m  [1m[36mbegin transaction[0m
  ↳ db/seeds.rb:25
  [1m[36mCity Load (0.1ms)[0m  [1m[34mSELECT  "cities".* FROM "cities" WHERE "cities"."id" = ? LIMIT ?[0m  [["id", 2], ["LIMIT", 1]]
  ↳ db/seeds.rb:25
  [1m[36mChien Create (0.4ms)[0m  [1m[32mINSERT INTO "chiens" ("name", "city_id") VALUES (?, ?)[0m  [["name", "Macejkovic"], ["city_id", 2]]
  ↳ db/seeds.rb:25
  [1m[35m (5.8ms)[0m  [1m[36mcommit transaction[0m
  ↳ db/seeds.rb:25
  [1m[36mCity Load (0.2ms)[0m  [1m[34mSELECT "cities".* FROM "cities"[0m
  ↳ db/seeds.rb:26
  [1m[35m (0.1ms)[0m  [1m[36mbegin transaction[0m
  ↳ db/seeds.rb:26
  [1m[36mCity Load (0.1ms)[0m  [1m[34mSELECT  "cities".* FROM "cities" WHERE "cities"."id" = ? LIMIT ?[0m  [["id", 1], ["LIMIT", 1]]
  ↳ db/seeds.rb:26
  [1m[36mDogSitter Create (0.2ms)[0m  [1m[32mINSERT INTO "dog_sitters" ("name", "city_id") VALUES (?, ?)[0m  [["name", "Christopher Nader"], ["city_id", 1]]
  ↳ db/seeds.rb:26
  [1m[35m (4.5ms)[0m  [1m[36mcommit transaction[0m
  ↳ db/seeds.rb:26
  [1m[36mCity Load (0.1ms)[0m  [1m[34mSELECT "cities".* FROM "cities"[0m
  ↳ db/seeds.rb:25
  [1m[35m (0.1ms)[0m  [1m[36mbegin transaction[0m
  ↳ db/seeds.rb:25
  [1m[36mCity Load (0.1ms)[0m  [1m[34mSELECT  "cities".* FROM "cities" WHERE "cities"."id" = ? LIMIT ?[0m  [["id", 1], ["LIMIT", 1]]
  ↳ db/seeds.rb:25
  [1m[36mChien Create (0.2ms)[0m  [1m[32mINSERT INTO "chiens" ("name", "city_id") VALUES (?, ?)[0m  [["name", "O'Hara"], ["city_id", 1]]
  ↳ db/seeds.rb:25
  [1m[35m (5.1ms)[0m  [1m[36mcommit transaction[0m
  ↳ db/seeds.rb:25
  [1m[36mCity Load (0.1ms)[0m  [1m[34mSELECT "cities".* FROM "cities"[0m
  ↳ db/seeds.rb:26
  [1m[35m (0.1ms)[0m  [1m[36mbegin transaction[0m
  ↳ db/seeds.rb:26
  [1m[36mCity Load (0.1ms)[0m  [1m[34mSELECT  "cities".* FROM "cities" WHERE "cities"."id" = ? LIMIT ?[0m  [["id", 2], ["LIMIT", 1]]
  ↳ db/seeds.rb:26
  [1m[36mDogSitter Create (0.3ms)[0m  [1m[32mINSERT INTO "dog_sitters" ("name", "city_id") VALUES (?, ?)[0m  [["name", "Laverna Schumm"], ["city_id", 2]]
  ↳ db/seeds.rb:26
  [1m[35m (9.0ms)[0m  [1m[36mcommit transaction[0m
  ↳ db/seeds.rb:26
  [1m[36mCity Load (0.2ms)[0m  [1m[34mSELECT "cities".* FROM "cities"[0m
  ↳ db/seeds.rb:25
  [1m[35m (0.2ms)[0m  [1m[36mbegin transaction[0m
  ↳ db/seeds.rb:25
  [1m[36mCity Load (0.1ms)[0m  [1m[34mSELECT  "cities".* FROM "cities" WHERE "cities"."id" = ? LIMIT ?[0m  [["id", 1], ["LIMIT", 1]]
  ↳ db/seeds.rb:25
  [1m[36mChien Create (0.4ms)[0m  [1m[32mINSERT INTO "chiens" ("name", "city_id") VALUES (?, ?)[0m  [["name", "Paucek"], ["city_id", 1]]
  ↳ db/seeds.rb:25
  [1m[35m (8.6ms)[0m  [1m[36mcommit transaction[0m
  ↳ db/seeds.rb:25
  [1m[36mCity Load (0.2ms)[0m  [1m[34mSELECT "cities".* FROM "cities"[0m
  ↳ db/seeds.rb:26
  [1m[35m (0.1ms)[0m  [1m[36mbegin transaction[0m
  ↳ db/seeds.rb:26
  [1m[36mCity Load (0.1ms)[0m  [1m[34mSELECT  "cities".* FROM "cities" WHERE "cities"."id" = ? LIMIT ?[0m  [["id", 1], ["LIMIT", 1]]
  ↳ db/seeds.rb:26
  [1m[36mDogSitter Create (0.4ms)[0m  [1m[32mINSERT INTO "dog_sitters" ("name", "city_id") VALUES (?, ?)[0m  [["name", "Duncan Borer"], ["city_id", 1]]
  ↳ db/seeds.rb:26
  [1m[35m (5.7ms)[0m  [1m[36mcommit transaction[0m
  ↳ db/seeds.rb:26
  [1m[36mCity Load (0.2ms)[0m  [1m[34mSELECT "cities".* FROM "cities"[0m
  ↳ db/seeds.rb:25
  [1m[35m (0.1ms)[0m  [1m[36mbegin transaction[0m
  ↳ db/seeds.rb:25
  [1m[36mCity Load (0.1ms)[0m  [1m[34mSELECT  "cities".* FROM "cities" WHERE "cities"."id" = ? LIMIT ?[0m  [["id", 1], ["LIMIT", 1]]
  ↳ db/seeds.rb:25
  [1m[36mChien Create (0.4ms)[0m  [1m[32mINSERT INTO "chiens" ("name", "city_id") VALUES (?, ?)[0m  [["name", "Pfeffer"], ["city_id", 1]]
  ↳ db/seeds.rb:25
  [1m[35m (4.7ms)[0m  [1m[36mcommit transaction[0m
  ↳ db/seeds.rb:25
  [1m[36mCity Load (0.2ms)[0m  [1m[34mSELECT "cities".* FROM "cities"[0m
  ↳ db/seeds.rb:26
  [1m[35m (0.1ms)[0m  [1m[36mbegin transaction[0m
  ↳ db/seeds.rb:26
  [1m[36mCity Load (0.2ms)[0m  [1m[34mSELECT  "cities".* FROM "cities" WHERE "cities"."id" = ? LIMIT ?[0m  [["id", 1], ["LIMIT", 1]]
  ↳ db/seeds.rb:26
  [1m[36mDogSitter Create (0.4ms)[0m  [1m[32mINSERT INTO "dog_sitters" ("name", "city_id") VALUES (?, ?)[0m  [["name", "Rod Howell"], ["city_id", 1]]
  ↳ db/seeds.rb:26
  [1m[35m (8.6ms)[0m  [1m[36mcommit transaction[0m
  ↳ db/seeds.rb:26
  [1m[36mCity Load (0.2ms)[0m  [1m[34mSELECT "cities".* FROM "cities"[0m
  ↳ db/seeds.rb:25
  [1m[35m (0.1ms)[0m  [1m[36mbegin transaction[0m
  ↳ db/seeds.rb:25
  [1m[36mCity Load (0.1ms)[0m  [1m[34mSELECT  "cities".* FROM "cities" WHERE "cities"."id" = ? LIMIT ?[0m  [["id", 1], ["LIMIT", 1]]
  ↳ db/seeds.rb:25
  [1m[36mChien Create (0.4ms)[0m  [1m[32mINSERT INTO "chiens" ("name", "city_id") VALUES (?, ?)[0m  [["name", "Beatty"], ["city_id", 1]]
  ↳ db/seeds.rb:25
  [1m[35m (8.7ms)[0m  [1m[36mcommit transaction[0m
  ↳ db/seeds.rb:25
  [1m[36mCity Load (0.2ms)[0m  [1m[34mSELECT "cities".* FROM "cities"[0m
  ↳ db/seeds.rb:26
  [1m[35m (0.1ms)[0m  [1m[36mbegin transaction[0m
  ↳ db/seeds.rb:26
  [1m[36mCity Load (0.1ms)[0m  [1m[34mSELECT  "cities".* FROM "cities" WHERE "cities"."id" = ? LIMIT ?[0m  [["id", 1], ["LIMIT", 1]]
  ↳ db/seeds.rb:26
  [1m[36mDogSitter Create (0.4ms)[0m  [1m[32mINSERT INTO "dog_sitters" ("name", "city_id") VALUES (?, ?)[0m  [["name", "Raymond Ortiz"], ["city_id", 1]]
  ↳ db/seeds.rb:26
  [1m[35m (6.6ms)[0m  [1m[36mcommit transaction[0m
  ↳ db/seeds.rb:26
  [1m[36mCity Load (0.2ms)[0m  [1m[34mSELECT "cities".* FROM "cities"[0m
  ↳ db/seeds.rb:25
  [1m[35m (0.1ms)[0m  [1m[36mbegin transaction[0m
  ↳ db/seeds.rb:25
  [1m[36mCity Load (0.2ms)[0m  [1m[34mSELECT  "cities".* FROM "cities" WHERE "cities"."id" = ? LIMIT ?[0m  [["id", 2], ["LIMIT", 1]]
  ↳ db/seeds.rb:25
  [1m[36mChien Create (0.4ms)[0m  [1m[32mINSERT INTO "chiens" ("name", "city_id") VALUES (?, ?)[0m  [["name", "Moore"], ["city_id", 2]]
  ↳ db/seeds.rb:25
  [1m[35m (4.4ms)[0m  [1m[36mcommit transaction[0m
  ↳ db/seeds.rb:25
  [1m[36mCity Load (0.2ms)[0m  [1m[34mSELECT "cities".* FROM "cities"[0m
  ↳ db/seeds.rb:26
  [1m[35m (0.1ms)[0m  [1m[36mbegin transaction[0m
  ↳ db/seeds.rb:26
  [1m[36mCity Load (0.1ms)[0m  [1m[34mSELECT  "cities".* FROM "cities" WHERE "cities"."id" = ? LIMIT ?[0m  [["id", 1], ["LIMIT", 1]]
  ↳ db/seeds.rb:26
  [1m[36mDogSitter Create (0.4ms)[0m  [1m[32mINSERT INTO "dog_sitters" ("name", "city_id") VALUES (?, ?)[0m  [["name", "Evan Boyle"], ["city_id", 1]]
  ↳ db/seeds.rb:26
  [1m[35m (4.5ms)[0m  [1m[36mcommit transaction[0m
  ↳ db/seeds.rb:26
  [1m[36mChien Load (0.2ms)[0m  [1m[34mSELECT "chiens".* FROM "chiens"[0m
  ↳ db/seeds.rb:30
  [1m[36mDogSitter Load (0.2ms)[0m  [1m[34mSELECT "dog_sitters".* FROM "dog_sitters"[0m
  ↳ db/seeds.rb:30
  [1m[35m (0.1ms)[0m  [1m[36mbegin transaction[0m
  ↳ db/seeds.rb:30
  [1m[36mChien Load (0.1ms)[0m  [1m[34mSELECT  "chiens".* FROM "chiens" WHERE "chiens"."id" = ? LIMIT ?[0m  [["id", 8], ["LIMIT", 1]]
  ↳ db/seeds.rb:30
  [1m[36mDogSitter Load (0.1ms)[0m  [1m[34mSELECT  "dog_sitters".* FROM "dog_sitters" WHERE "dog_sitters"."id" = ? LIMIT ?[0m  [["id", 3], ["LIMIT", 1]]
  ↳ db/seeds.rb:30
  [1m[36mStroll Create (0.2ms)[0m  [1m[32mINSERT INTO "strolls" ("date", "chien_id", "dog_sitter_id") VALUES (?, ?, ?)[0m  [["date", "2018-05-30"], ["chien_id", 8], ["dog_sitter_id", 3]]
  ↳ db/seeds.rb:30
  [1m[35m (8.2ms)[0m  [1m[36mcommit transaction[0m
  ↳ db/seeds.rb:30
  [1m[36mChien Load (0.1ms)[0m  [1m[34mSELECT "chiens".* FROM "chiens"[0m
  ↳ db/seeds.rb:30
  [1m[36mDogSitter Load (0.1ms)[0m  [1m[34mSELECT "dog_sitters".* FROM "dog_sitters"[0m
  ↳ db/seeds.rb:30
  [1m[35m (0.0ms)[0m  [1m[36mbegin transaction[0m
  ↳ db/seeds.rb:30
  [1m[36mChien Load (0.1ms)[0m  [1m[34mSELECT  "chiens".* FROM "chiens" WHERE "chiens"."id" = ? LIMIT ?[0m  [["id", 5], ["LIMIT", 1]]
  ↳ db/seeds.rb:30
  [1m[36mDogSitter Load (0.0ms)[0m  [1m[34mSELECT  "dog_sitters".* FROM "dog_sitters" WHERE "dog_sitters"."id" = ? LIMIT ?[0m  [["id", 2], ["LIMIT", 1]]
  ↳ db/seeds.rb:30
  [1m[36mStroll Create (0.2ms)[0m  [1m[32mINSERT INTO "strolls" ("date", "chien_id", "dog_sitter_id") VALUES (?, ?, ?)[0m  [["date", "2019-08-14"], ["chien_id", 5], ["dog_sitter_id", 2]]
  ↳ db/seeds.rb:30
  [1m[35m (8.4ms)[0m  [1m[36mcommit transaction[0m
  ↳ db/seeds.rb:30
  [1m[36mChien Load (0.1ms)[0m  [1m[34mSELECT "chiens".* FROM "chiens"[0m
  ↳ db/seeds.rb:30
  [1m[36mDogSitter Load (0.1ms)[0m  [1m[34mSELECT "dog_sitters".* FROM "dog_sitters"[0m
  ↳ db/seeds.rb:30
  [1m[35m (0.0ms)[0m  [1m[36mbegin transaction[0m
  ↳ db/seeds.rb:30
  [1m[36mChien Load (0.1ms)[0m  [1m[34mSELECT  "chiens".* FROM "chiens" WHERE "chiens"."id" = ? LIMIT ?[0m  [["id", 7], ["LIMIT", 1]]
  ↳ db/seeds.rb:30
  [1m[36mDogSitter Load (0.0ms)[0m  [1m[34mSELECT  "dog_sitters".* FROM "dog_sitters" WHERE "dog_sitters"."id" = ? LIMIT ?[0m  [["id", 4], ["LIMIT", 1]]
  ↳ db/seeds.rb:30
  [1m[36mStroll Create (0.2ms)[0m  [1m[32mINSERT INTO "strolls" ("date", "chien_id", "dog_sitter_id") VALUES (?, ?, ?)[0m  [["date", "2019-06-11"], ["chien_id", 7], ["dog_sitter_id", 4]]
  ↳ db/seeds.rb:30
  [1m[35m (4.6ms)[0m  [1m[36mcommit transaction[0m
  ↳ db/seeds.rb:30
  [1m[36mChien Load (0.2ms)[0m  [1m[34mSELECT "chiens".* FROM "chiens"[0m
  ↳ db/seeds.rb:30
  [1m[36mDogSitter Load (0.2ms)[0m  [1m[34mSELECT "dog_sitters".* FROM "dog_sitters"[0m
  ↳ db/seeds.rb:30
  [1m[35m (0.1ms)[0m  [1m[36mbegin transaction[0m
  ↳ db/seeds.rb:30
  [1m[36mChien Load (0.2ms)[0m  [1m[34mSELECT  "chiens".* FROM "chiens" WHERE "chiens"."id" = ? LIMIT ?[0m  [["id", 6], ["LIMIT", 1]]
  ↳ db/seeds.rb:30
  [1m[36mDogSitter Load (0.1ms)[0m  [1m[34mSELECT  "dog_sitters".* FROM "dog_sitters" WHERE "dog_sitters"."id" = ? LIMIT ?[0m  [["id", 9], ["LIMIT", 1]]
  ↳ db/seeds.rb:30
  [1m[36mStroll Create (0.4ms)[0m  [1m[32mINSERT INTO "strolls" ("date", "chien_id", "dog_sitter_id") VALUES (?, ?, ?)[0m  [["date", "2018-09-28"], ["chien_id", 6], ["dog_sitter_id", 9]]
  ↳ db/seeds.rb:30
  [1m[35m (4.7ms)[0m  [1m[36mcommit transaction[0m
  ↳ db/seeds.rb:30
  [1m[36mChien Load (0.2ms)[0m  [1m[34mSELECT "chiens".* FROM "chiens"[0m
  ↳ db/seeds.rb:30
  [1m[36mDogSitter Load (0.2ms)[0m  [1m[34mSELECT "dog_sitters".* FROM "dog_sitters"[0m
  ↳ db/seeds.rb:30
  [1m[35m (0.1ms)[0m  [1m[36mbegin transaction[0m
  ↳ db/seeds.rb:30
  [1m[36mChien Load (0.2ms)[0m  [1m[34mSELECT  "chiens".* FROM "chiens" WHERE "chiens"."id" = ? LIMIT ?[0m  [["id", 5], ["LIMIT", 1]]
  ↳ db/seeds.rb:30
  [1m[36mDogSitter Load (0.1ms)[0m  [1m[34mSELECT  "dog_sitters".* FROM "dog_sitters" WHERE "dog_sitters"."id" = ? LIMIT ?[0m  [["id", 10], ["LIMIT", 1]]
  ↳ db/seeds.rb:30
  [1m[36mStroll Create (0.4ms)[0m  [1m[32mINSERT INTO "strolls" ("date", "chien_id", "dog_sitter_id") VALUES (?, ?, ?)[0m  [["date", "2019-11-12"], ["chien_id", 5], ["dog_sitter_id", 10]]
  ↳ db/seeds.rb:30
  [1m[35m (8.5ms)[0m  [1m[36mcommit transaction[0m
  ↳ db/seeds.rb:30
  [1m[36mChien Load (0.1ms)[0m  [1m[34mSELECT "chiens".* FROM "chiens"[0m
  ↳ db/seeds.rb:30
  [1m[36mDogSitter Load (0.1ms)[0m  [1m[34mSELECT "dog_sitters".* FROM "dog_sitters"[0m
  ↳ db/seeds.rb:30
  [1m[35m (0.1ms)[0m  [1m[36mbegin transaction[0m
  ↳ db/seeds.rb:30
  [1m[36mChien Load (0.1ms)[0m  [1m[34mSELECT  "chiens".* FROM "chiens" WHERE "chiens"."id" = ? LIMIT ?[0m  [["id", 9], ["LIMIT", 1]]
  ↳ db/seeds.rb:30
  [1m[36mDogSitter Load (0.1ms)[0m  [1m[34mSELECT  "dog_sitters".* FROM "dog_sitters" WHERE "dog_sitters"."id" = ? LIMIT ?[0m  [["id", 4], ["LIMIT", 1]]
  ↳ db/seeds.rb:30
  [1m[36mStroll Create (0.3ms)[0m  [1m[32mINSERT INTO "strolls" ("date", "chien_id", "dog_sitter_id") VALUES (?, ?, ?)[0m  [["date", "2019-11-22"], ["chien_id", 9], ["dog_sitter_id", 4]]
  ↳ db/seeds.rb:30
  [1m[35m (8.6ms)[0m  [1m[36mcommit transaction[0m
  ↳ db/seeds.rb:30
  [1m[36mChien Load (0.1ms)[0m  [1m[34mSELECT "chiens".* FROM "chiens"[0m
  ↳ db/seeds.rb:30
  [1m[36mDogSitter Load (0.1ms)[0m  [1m[34mSELECT "dog_sitters".* FROM "dog_sitters"[0m
  ↳ db/seeds.rb:30
  [1m[35m (0.0ms)[0m  [1m[36mbegin transaction[0m
  ↳ db/seeds.rb:30
  [1m[36mChien Load (0.1ms)[0m  [1m[34mSELECT  "chiens".* FROM "chiens" WHERE "chiens"."id" = ? LIMIT ?[0m  [["id", 4], ["LIMIT", 1]]
  ↳ db/seeds.rb:30
  [1m[36mDogSitter Load (0.1ms)[0m  [1m[34mSELECT  "dog_sitters".* FROM "dog_sitters" WHERE "dog_sitters"."id" = ? LIMIT ?[0m  [["id", 3], ["LIMIT", 1]]
  ↳ db/seeds.rb:30
  [1m[36mStroll Create (0.2ms)[0m  [1m[32mINSERT INTO "strolls" ("date", "chien_id", "dog_sitter_id") VALUES (?, ?, ?)[0m  [["date", "2019-08-23"], ["chien_id", 4], ["dog_sitter_id", 3]]
  ↳ db/seeds.rb:30
  [1m[35m (4.5ms)[0m  [1m[36mcommit transaction[0m
  ↳ db/seeds.rb:30
  [1m[36mChien Load (0.1ms)[0m  [1m[34mSELECT "chiens".* FROM "chiens"[0m
  ↳ db/seeds.rb:30
  [1m[36mDogSitter Load (0.1ms)[0m  [1m[34mSELECT "dog_sitters".* FROM "dog_sitters"[0m
  ↳ db/seeds.rb:30
  [1m[35m (0.0ms)[0m  [1m[36mbegin transaction[0m
  ↳ db/seeds.rb:30
  [1m[36mChien Load (0.1ms)[0m  [1m[34mSELECT  "chiens".* FROM "chiens" WHERE "chiens"."id" = ? LIMIT ?[0m  [["id", 3], ["LIMIT", 1]]
  ↳ db/seeds.rb:30
  [1m[36mDogSitter Load (0.1ms)[0m  [1m[34mSELECT  "dog_sitters".* FROM "dog_sitters" WHERE "dog_sitters"."id" = ? LIMIT ?[0m  [["id", 2], ["LIMIT", 1]]
  ↳ db/seeds.rb:30
  [1m[36mStroll Create (0.2ms)[0m  [1m[32mINSERT INTO "strolls" ("date", "chien_id", "dog_sitter_id") VALUES (?, ?, ?)[0m  [["date", "2018-04-30"], ["chien_id", 3], ["dog_sitter_id", 2]]
  ↳ db/seeds.rb:30
  [1m[35m (4.6ms)[0m  [1m[36mcommit transaction[0m
  ↳ db/seeds.rb:30
  [1m[36mChien Load (0.2ms)[0m  [1m[34mSELECT "chiens".* FROM "chiens"[0m
  ↳ db/seeds.rb:30
  [1m[36mDogSitter Load (0.2ms)[0m  [1m[34mSELECT "dog_sitters".* FROM "dog_sitters"[0m
  ↳ db/seeds.rb:30
  [1m[35m (0.1ms)[0m  [1m[36mbegin transaction[0m
  ↳ db/seeds.rb:30
  [1m[36mChien Load (0.1ms)[0m  [1m[34mSELECT  "chiens".* FROM "chiens" WHERE "chiens"."id" = ? LIMIT ?[0m  [["id", 10], ["LIMIT", 1]]
  ↳ db/seeds.rb:30
  [1m[36mDogSitter Load (0.1ms)[0m  [1m[34mSELECT  "dog_sitters".* FROM "dog_sitters" WHERE "dog_sitters"."id" = ? LIMIT ?[0m  [["id", 9], ["LIMIT", 1]]
  ↳ db/seeds.rb:30
  [1m[36mStroll Create (0.4ms)[0m  [1m[32mINSERT INTO "strolls" ("date", "chien_id", "dog_sitter_id") VALUES (?, ?, ?)[0m  [["date", "2019-08-01"], ["chien_id", 10], ["dog_sitter_id", 9]]
  ↳ db/seeds.rb:30
  [1m[35m (8.9ms)[0m  [1m[36mcommit transaction[0m
  ↳ db/seeds.rb:30
  [1m[36mChien Load (0.1ms)[0m  [1m[34mSELECT "chiens".* FROM "chiens"[0m
  ↳ db/seeds.rb:30
  [1m[36mDogSitter Load (0.1ms)[0m  [1m[34mSELECT "dog_sitters".* FROM "dog_sitters"[0m
  ↳ db/seeds.rb:30
  [1m[35m (0.1ms)[0m  [1m[36mbegin transaction[0m
  ↳ db/seeds.rb:30
  [1m[36mChien Load (0.1ms)[0m  [1m[34mSELECT  "chiens".* FROM "chiens" WHERE "chiens"."id" = ? LIMIT ?[0m  [["id", 3], ["LIMIT", 1]]
  ↳ db/seeds.rb:30
  [1m[36mDogSitter Load (0.1ms)[0m  [1m[34mSELECT  "dog_sitters".* FROM "dog_sitters" WHERE "dog_sitters"."id" = ? LIMIT ?[0m  [["id", 10], ["LIMIT", 1]]
  ↳ db/seeds.rb:30
  [1m[36mStroll Create (0.3ms)[0m  [1m[32mINSERT INTO "strolls" ("date", "chien_id", "dog_sitter_id") VALUES (?, ?, ?)[0m  [["date", "2018-12-18"], ["chien_id", 3], ["dog_sitter_id", 10]]
  ↳ db/seeds.rb:30
  [1m[35m (9.1ms)[0m  [1m[36mcommit transaction[0m
  ↳ db/seeds.rb:30
  [1m[36mChien Load (0.2ms)[0m  [1m[34mSELECT "chiens".* FROM "chiens"[0m
  ↳ db/seeds.rb:30
  [1m[36mDogSitter Load (0.2ms)[0m  [1m[34mSELECT "dog_sitters".* FROM "dog_sitters"[0m
  ↳ db/seeds.rb:30
  [1m[35m (0.1ms)[0m  [1m[36mbegin transaction[0m
  ↳ db/seeds.rb:30
  [1m[36mChien Load (0.1ms)[0m  [1m[34mSELECT  "chiens".* FROM "chiens" WHERE "chiens"."id" = ? LIMIT ?[0m  [["id", 10], ["LIMIT", 1]]
  ↳ db/seeds.rb:30
  [1m[36mDogSitter Load (0.1ms)[0m  [1m[34mSELECT  "dog_sitters".* FROM "dog_sitters" WHERE "dog_sitters"."id" = ? LIMIT ?[0m  [["id", 9], ["LIMIT", 1]]
  ↳ db/seeds.rb:30
  [1m[36mStroll Create (0.4ms)[0m  [1m[32mINSERT INTO "strolls" ("date", "chien_id", "dog_sitter_id") VALUES (?, ?, ?)[0m  [["date", "2019-08-08"], ["chien_id", 10], ["dog_sitter_id", 9]]
  ↳ db/seeds.rb:30
  [1m[35m (4.7ms)[0m  [1m[36mcommit transaction[0m
  ↳ db/seeds.rb:30
  [1m[36mChien Load (0.2ms)[0m  [1m[34mSELECT "chiens".* FROM "chiens"[0m
  ↳ db/seeds.rb:30
  [1m[36mDogSitter Load (0.2ms)[0m  [1m[34mSELECT "dog_sitters".* FROM "dog_sitters"[0m
  ↳ db/seeds.rb:30
  [1m[35m (0.1ms)[0m  [1m[36mbegin transaction[0m
  ↳ db/seeds.rb:30
  [1m[36mChien Load (0.1ms)[0m  [1m[34mSELECT  "chiens".* FROM "chiens" WHERE "chiens"."id" = ? LIMIT ?[0m  [["id", 2], ["LIMIT", 1]]
  ↳ db/seeds.rb:30
  [1m[36mDogSitter Load (0.1ms)[0m  [1m[34mSELECT  "dog_sitters".* FROM "dog_sitters" WHERE "dog_sitters"."id" = ? LIMIT ?[0m  [["id", 7], ["LIMIT", 1]]
  ↳ db/seeds.rb:30
  [1m[36mStroll Create (0.4ms)[0m  [1m[32mINSERT INTO "strolls" ("date", "chien_id", "dog_sitter_id") VALUES (?, ?, ?)[0m  [["date", "2018-03-27"], ["chien_id", 2], ["dog_sitter_id", 7]]
  ↳ db/seeds.rb:30
  [1m[35m (4.5ms)[0m  [1m[36mcommit transaction[0m
  ↳ db/seeds.rb:30
  [1m[36mChien Load (0.1ms)[0m  [1m[34mSELECT "chiens".* FROM "chiens"[0m
  ↳ db/seeds.rb:30
  [1m[36mDogSitter Load (0.1ms)[0m  [1m[34mSELECT "dog_sitters".* FROM "dog_sitters"[0m
  ↳ db/seeds.rb:30
  [1m[35m (0.1ms)[0m  [1m[36mbegin transaction[0m
  ↳ db/seeds.rb:30
  [1m[36mChien Load (0.1ms)[0m  [1m[34mSELECT  "chiens".* FROM "chiens" WHERE "chiens"."id" = ? LIMIT ?[0m  [["id", 5], ["LIMIT", 1]]
  ↳ db/seeds.rb:30
  [1m[36mDogSitter Load (0.1ms)[0m  [1m[34mSELECT  "dog_sitters".* FROM "dog_sitters" WHERE "dog_sitters"."id" = ? LIMIT ?[0m  [["id", 9], ["LIMIT", 1]]
  ↳ db/seeds.rb:30
  [1m[36mStroll Create (0.2ms)[0m  [1m[32mINSERT INTO "strolls" ("date", "chien_id", "dog_sitter_id") VALUES (?, ?, ?)[0m  [["date", "2019-12-20"], ["chien_id", 5], ["dog_sitter_id", 9]]
  ↳ db/seeds.rb:30
  [1m[35m (8.6ms)[0m  [1m[36mcommit transaction[0m
  ↳ db/seeds.rb:30
  [1m[36mChien Load (0.1ms)[0m  [1m[34mSELECT "chiens".* FROM "chiens"[0m
  ↳ db/seeds.rb:30
  [1m[36mDogSitter Load (0.1ms)[0m  [1m[34mSELECT "dog_sitters".* FROM "dog_sitters"[0m
  ↳ db/seeds.rb:30
  [1m[35m (0.0ms)[0m  [1m[36mbegin transaction[0m
  ↳ db/seeds.rb:30
  [1m[36mChien Load (0.1ms)[0m  [1m[34mSELECT  "chiens".* FROM "chiens" WHERE "chiens"."id" = ? LIMIT ?[0m  [["id", 9], ["LIMIT", 1]]
  ↳ db/seeds.rb:30
  [1m[36mDogSitter Load (0.1ms)[0m  [1m[34mSELECT  "dog_sitters".* FROM "dog_sitters" WHERE "dog_sitters"."id" = ? LIMIT ?[0m  [["id", 1], ["LIMIT", 1]]
  ↳ db/seeds.rb:30
  [1m[36mStroll Create (0.2ms)[0m  [1m[32mINSERT INTO "strolls" ("date", "chien_id", "dog_sitter_id") VALUES (?, ?, ?)[0m  [["date", "2019-11-28"], ["chien_id", 9], ["dog_sitter_id", 1]]
  ↳ db/seeds.rb:30
  [1m[35m (9.0ms)[0m  [1m[36mcommit transaction[0m
  ↳ db/seeds.rb:30
  [1m[36mChien Load (0.2ms)[0m  [1m[34mSELECT "chiens".* FROM "chiens"[0m
  ↳ db/seeds.rb:30
  [1m[36mDogSitter Load (0.2ms)[0m  [1m[34mSELECT "dog_sitters".* FROM "dog_sitters"[0m
  ↳ db/seeds.rb:30
  [1m[35m (0.1ms)[0m  [1m[36mbegin transaction[0m
  ↳ db/seeds.rb:30
  [1m[36mChien Load (0.1ms)[0m  [1m[34mSELECT  "chiens".* FROM "chiens" WHERE "chiens"."id" = ? LIMIT ?[0m  [["id", 2], ["LIMIT", 1]]
  ↳ db/seeds.rb:30
  [1m[36mDogSitter Load (0.1ms)[0m  [1m[34mSELECT  "dog_sitters".* FROM "dog_sitters" WHERE "dog_sitters"."id" = ? LIMIT ?[0m  [["id", 6], ["LIMIT", 1]]
  ↳ db/seeds.rb:30
  [1m[36mStroll Create (0.4ms)[0m  [1m[32mINSERT INTO "strolls" ("date", "chien_id", "dog_sitter_id") VALUES (?, ?, ?)[0m  [["date", "2019-03-20"], ["chien_id", 2], ["dog_sitter_id", 6]]
  ↳ db/seeds.rb:30
  [1m[35m (4.8ms)[0m  [1m[36mcommit transaction[0m
  ↳ db/seeds.rb:30
  [1m[36mChien Load (0.2ms)[0m  [1m[34mSELECT "chiens".* FROM "chiens"[0m
  ↳ db/seeds.rb:30
  [1m[36mDogSitter Load (0.2ms)[0m  [1m[34mSELECT "dog_sitters".* FROM "dog_sitters"[0m
  ↳ db/seeds.rb:30
  [1m[35m (0.1ms)[0m  [1m[36mbegin transaction[0m
  ↳ db/seeds.rb:30
  [1m[36mChien Load (0.1ms)[0m  [1m[34mSELECT  "chiens".* FROM "chiens" WHERE "chiens"."id" = ? LIMIT ?[0m  [["id", 9], ["LIMIT", 1]]
  ↳ db/seeds.rb:30
  [1m[36mDogSitter Load (0.1ms)[0m  [1m[34mSELECT  "dog_sitters".* FROM "dog_sitters" WHERE "dog_sitters"."id" = ? LIMIT ?[0m  [["id", 2], ["LIMIT", 1]]
  ↳ db/seeds.rb:30
  [1m[36mStroll Create (0.4ms)[0m  [1m[32mINSERT INTO "strolls" ("date", "chien_id", "dog_sitter_id") VALUES (?, ?, ?)[0m  [["date", "2020-01-17"], ["chien_id", 9], ["dog_sitter_id", 2]]
  ↳ db/seeds.rb:30
  [1m[35m (4.4ms)[0m  [1m[36mcommit transaction[0m
  ↳ db/seeds.rb:30
  [1m[36mChien Load (0.1ms)[0m  [1m[34mSELECT "chiens".* FROM "chiens"[0m
  ↳ db/seeds.rb:30
  [1m[36mDogSitter Load (0.1ms)[0m  [1m[34mSELECT "dog_sitters".* FROM "dog_sitters"[0m
  ↳ db/seeds.rb:30
  [1m[35m (0.1ms)[0m  [1m[36mbegin transaction[0m
  ↳ db/seeds.rb:30
  [1m[36mChien Load (0.1ms)[0m  [1m[34mSELECT  "chiens".* FROM "chiens" WHERE "chiens"."id" = ? LIMIT ?[0m  [["id", 8], ["LIMIT", 1]]
  ↳ db/seeds.rb:30
  [1m[36mDogSitter Load (0.1ms)[0m  [1m[34mSELECT  "dog_sitters".* FROM "dog_sitters" WHERE "dog_sitters"."id" = ? LIMIT ?[0m  [["id", 7], ["LIMIT", 1]]
  ↳ db/seeds.rb:30
  [1m[36mStroll Create (0.2ms)[0m  [1m[32mINSERT INTO "strolls" ("date", "chien_id", "dog_sitter_id") VALUES (?, ?, ?)[0m  [["date", "2018-11-30"], ["chien_id", 8], ["dog_sitter_id", 7]]
  ↳ db/seeds.rb:30
  [1m[35m (8.3ms)[0m  [1m[36mcommit transaction[0m
  ↳ db/seeds.rb:30
  [1m[36mChien Load (0.2ms)[0m  [1m[34mSELECT "chiens".* FROM "chiens"[0m
  ↳ db/seeds.rb:30
  [1m[36mDogSitter Load (0.1ms)[0m  [1m[34mSELECT "dog_sitters".* FROM "dog_sitters"[0m
  ↳ db/seeds.rb:30
  [1m[35m (0.1ms)[0m  [1m[36mbegin transaction[0m
  ↳ db/seeds.rb:30
  [1m[36mChien Load (0.1ms)[0m  [1m[34mSELECT  "chiens".* FROM "chiens" WHERE "chiens"."id" = ? LIMIT ?[0m  [["id", 5], ["LIMIT", 1]]
  ↳ db/seeds.rb:30
  [1m[36mDogSitter Load (0.1ms)[0m  [1m[34mSELECT  "dog_sitters".* FROM "dog_sitters" WHERE "dog_sitters"."id" = ? LIMIT ?[0m  [["id", 4], ["LIMIT", 1]]
  ↳ db/seeds.rb:30
  [1m[36mStroll Create (0.2ms)[0m  [1m[32mINSERT INTO "strolls" ("date", "chien_id", "dog_sitter_id") VALUES (?, ?, ?)[0m  [["date", "2018-05-13"], ["chien_id", 5], ["dog_sitter_id", 4]]
  ↳ db/seeds.rb:30
  [1m[35m (8.7ms)[0m  [1m[36mcommit transaction[0m
  ↳ db/seeds.rb:30
  [1m[36mChien Load (0.2ms)[0m  [1m[34mSELECT "chiens".* FROM "chiens"[0m
  ↳ db/seeds.rb:30
  [1m[36mDogSitter Load (0.2ms)[0m  [1m[34mSELECT "dog_sitters".* FROM "dog_sitters"[0m
  ↳ db/seeds.rb:30
  [1m[35m (0.1ms)[0m  [1m[36mbegin transaction[0m
  ↳ db/seeds.rb:30
  [1m[36mChien Load (0.1ms)[0m  [1m[34mSELECT  "chiens".* FROM "chiens" WHERE "chiens"."id" = ? LIMIT ?[0m  [["id", 6], ["LIMIT", 1]]
  ↳ db/seeds.rb:30
  [1m[36mDogSitter Load (0.1ms)[0m  [1m[34mSELECT  "dog_sitters".* FROM "dog_sitters" WHERE "dog_sitters"."id" = ? LIMIT ?[0m  [["id", 7], ["LIMIT", 1]]
  ↳ db/seeds.rb:30
  [1m[36mStroll Create (0.4ms)[0m  [1m[32mINSERT INTO "strolls" ("date", "chien_id", "dog_sitter_id") VALUES (?, ?, ?)[0m  [["date", "2018-09-16"], ["chien_id", 6], ["dog_sitter_id", 7]]
  ↳ db/seeds.rb:30
  [1m[35m (4.7ms)[0m  [1m[36mcommit transaction[0m
  ↳ db/seeds.rb:30
  [1m[36mChien Load (0.1ms)[0m  [1m[34mSELECT "chiens".* FROM "chiens"[0m
  ↳ db/seeds.rb:30
  [1m[36mDogSitter Load (0.1ms)[0m  [1m[34mSELECT "dog_sitters".* FROM "dog_sitters"[0m
  ↳ db/seeds.rb:30
  [1m[35m (0.1ms)[0m  [1m[36mbegin transaction[0m
  ↳ db/seeds.rb:30
  [1m[36mChien Load (0.1ms)[0m  [1m[34mSELECT  "chiens".* FROM "chiens" WHERE "chiens"."id" = ? LIMIT ?[0m  [["id", 5], ["LIMIT", 1]]
  ↳ db/seeds.rb:30
  [1m[36mDogSitter Load (0.1ms)[0m  [1m[34mSELECT  "dog_sitters".* FROM "dog_sitters" WHERE "dog_sitters"."id" = ? LIMIT ?[0m  [["id", 9], ["LIMIT", 1]]
  ↳ db/seeds.rb:30
  [1m[36mStroll Create (0.2ms)[0m  [1m[32mINSERT INTO "strolls" ("date", "chien_id", "dog_sitter_id") VALUES (?, ?, ?)[0m  [["date", "2019-10-24"], ["chien_id", 5], ["dog_sitter_id", 9]]
  ↳ db/seeds.rb:30
  [1m[35m (4.8ms)[0m  [1m[36mcommit transaction[0m
  ↳ db/seeds.rb:30
  [1m[36mChien Load (0.2ms)[0m  [1m[34mSELECT "chiens".* FROM "chiens"[0m
  ↳ db/seeds.rb:30
  [1m[36mDogSitter Load (0.2ms)[0m  [1m[34mSELECT "dog_sitters".* FROM "dog_sitters"[0m
  ↳ db/seeds.rb:30
  [1m[35m (0.1ms)[0m  [1m[36mbegin transaction[0m
  ↳ db/seeds.rb:30
  [1m[36mChien Load (0.1ms)[0m  [1m[34mSELECT  "chiens".* FROM "chiens" WHERE "chiens"."id" = ? LIMIT ?[0m  [["id", 8], ["LIMIT", 1]]
  ↳ db/seeds.rb:30
  [1m[36mDogSitter Load (0.1ms)[0m  [1m[34mSELECT  "dog_sitters".* FROM "dog_sitters" WHERE "dog_sitters"."id" = ? LIMIT ?[0m  [["id", 2], ["LIMIT", 1]]
  ↳ db/seeds.rb:30
  [1m[36mStroll Create (0.3ms)[0m  [1m[32mINSERT INTO "strolls" ("date", "chien_id", "dog_sitter_id") VALUES (?, ?, ?)[0m  [["date", "2018-04-25"], ["chien_id", 8], ["dog_sitter_id", 2]]
  ↳ db/seeds.rb:30
  [1m[35m (9.1ms)[0m  [1m[36mcommit transaction[0m
  ↳ db/seeds.rb:30
  [1m[36mChien Load (0.2ms)[0m  [1m[34mSELECT "chiens".* FROM "chiens"[0m
  ↳ db/seeds.rb:30
  [1m[36mDogSitter Load (0.1ms)[0m  [1m[34mSELECT "dog_sitters".* FROM "dog_sitters"[0m
  ↳ db/seeds.rb:30
  [1m[35m (0.1ms)[0m  [1m[36mbegin transaction[0m
  ↳ db/seeds.rb:30
  [1m[36mChien Load (0.1ms)[0m  [1m[34mSELECT  "chiens".* FROM "chiens" WHERE "chiens"."id" = ? LIMIT ?[0m  [["id", 10], ["LIMIT", 1]]
  ↳ db/seeds.rb:30
  [1m[36mDogSitter Load (0.1ms)[0m  [1m[34mSELECT  "dog_sitters".* FROM "dog_sitters" WHERE "dog_sitters"."id" = ? LIMIT ?[0m  [["id", 9], ["LIMIT", 1]]
  ↳ db/seeds.rb:30
  [1m[36mStroll Create (0.2ms)[0m  [1m[32mINSERT INTO "strolls" ("date", "chien_id", "dog_sitter_id") VALUES (?, ?, ?)[0m  [["date", "2018-08-28"], ["chien_id", 10], ["dog_sitter_id", 9]]
  ↳ db/seeds.rb:30
  [1m[35m (9.0ms)[0m  [1m[36mcommit transaction[0m
  ↳ db/seeds.rb:30
  [1m[36mChien Load (0.1ms)[0m  [1m[34mSELECT "chiens".* FROM "chiens"[0m
  ↳ db/seeds.rb:30
  [1m[36mDogSitter Load (0.1ms)[0m  [1m[34mSELECT "dog_sitters".* FROM "dog_sitters"[0m
  ↳ db/seeds.rb:30
  [1m[35m (0.0ms)[0m  [1m[36mbegin transaction[0m
  ↳ db/seeds.rb:30
  [1m[36mChien Load (0.1ms)[0m  [1m[34mSELECT  "chiens".* FROM "chiens" WHERE "chiens"."id" = ? LIMIT ?[0m  [["id", 10], ["LIMIT", 1]]
  ↳ db/seeds.rb:30
  [1m[36mDogSitter Load (0.1ms)[0m  [1m[34mSELECT  "dog_sitters".* FROM "dog_sitters" WHERE "dog_sitters"."id" = ? LIMIT ?[0m  [["id", 7], ["LIMIT", 1]]
  ↳ db/seeds.rb:30
  [1m[36mStroll Create (0.2ms)[0m  [1m[32mINSERT INTO "strolls" ("date", "chien_id", "dog_sitter_id") VALUES (?, ?, ?)[0m  [["date", "2019-07-30"], ["chien_id", 10], ["dog_sitter_id", 7]]
  ↳ db/seeds.rb:30
  [1m[35m (4.5ms)[0m  [1m[36mcommit transaction[0m
  ↳ db/seeds.rb:30
  [1m[36mChien Load (0.2ms)[0m  [1m[34mSELECT "chiens".* FROM "chiens"[0m
  ↳ db/seeds.rb:30
  [1m[36mDogSitter Load (0.2ms)[0m  [1m[34mSELECT "dog_sitters".* FROM "dog_sitters"[0m
  ↳ db/seeds.rb:30
  [1m[35m (0.1ms)[0m  [1m[36mbegin transaction[0m
  ↳ db/seeds.rb:30
  [1m[36mChien Load (0.2ms)[0m  [1m[34mSELECT  "chiens".* FROM "chiens" WHERE "chiens"."id" = ? LIMIT ?[0m  [["id", 2], ["LIMIT", 1]]
  ↳ db/seeds.rb:30
  [1m[36mDogSitter Load (0.1ms)[0m  [1m[34mSELECT  "dog_sitters".* FROM "dog_sitters" WHERE "dog_sitters"."id" = ? LIMIT ?[0m  [["id", 5], ["LIMIT", 1]]
  ↳ db/seeds.rb:30
  [1m[36mStroll Create (0.4ms)[0m  [1m[32mINSERT INTO "strolls" ("date", "chien_id", "dog_sitter_id") VALUES (?, ?, ?)[0m  [["date", "2019-02-01"], ["chien_id", 2], ["dog_sitter_id", 5]]
  ↳ db/seeds.rb:30
  [1m[35m (4.6ms)[0m  [1m[36mcommit transaction[0m
  ↳ db/seeds.rb:30
  [1m[36mChien Load (0.2ms)[0m  [1m[34mSELECT "chiens".* FROM "chiens"[0m
  ↳ db/seeds.rb:30
  [1m[36mDogSitter Load (0.2ms)[0m  [1m[34mSELECT "dog_sitters".* FROM "dog_sitters"[0m
  ↳ db/seeds.rb:30
  [1m[35m (0.1ms)[0m  [1m[36mbegin transaction[0m
  ↳ db/seeds.rb:30
  [1m[36mChien Load (0.1ms)[0m  [1m[34mSELECT  "chiens".* FROM "chiens" WHERE "chiens"."id" = ? LIMIT ?[0m  [["id", 8], ["LIMIT", 1]]
  ↳ db/seeds.rb:30
  [1m[36mDogSitter Load (0.1ms)[0m  [1m[34mSELECT  "dog_sitters".* FROM "dog_sitters" WHERE "dog_sitters"."id" = ? LIMIT ?[0m  [["id", 3], ["LIMIT", 1]]
  ↳ db/seeds.rb:30
  [1m[36mStroll Create (0.4ms)[0m  [1m[32mINSERT INTO "strolls" ("date", "chien_id", "dog_sitter_id") VALUES (?, ?, ?)[0m  [["date", "2019-03-26"], ["chien_id", 8], ["dog_sitter_id", 3]]
  ↳ db/seeds.rb:30
  [1m[35m (9.0ms)[0m  [1m[36mcommit transaction[0m
  ↳ db/seeds.rb:30
  [1m[36mChien Load (0.2ms)[0m  [1m[34mSELECT "chiens".* FROM "chiens"[0m
  ↳ db/seeds.rb:30
  [1m[36mDogSitter Load (0.2ms)[0m  [1m[34mSELECT "dog_sitters".* FROM "dog_sitters"[0m
  ↳ db/seeds.rb:30
  [1m[35m (0.1ms)[0m  [1m[36mbegin transaction[0m
  ↳ db/seeds.rb:30
  [1m[36mChien Load (0.1ms)[0m  [1m[34mSELECT  "chiens".* FROM "chiens" WHERE "chiens"."id" = ? LIMIT ?[0m  [["id", 7], ["LIMIT", 1]]
  ↳ db/seeds.rb:30
  [1m[36mDogSitter Load (0.1ms)[0m  [1m[34mSELECT  "dog_sitters".* FROM "dog_sitters" WHERE "dog_sitters"."id" = ? LIMIT ?[0m  [["id", 6], ["LIMIT", 1]]
  ↳ db/seeds.rb:30
  [1m[36mStroll Create (0.4ms)[0m  [1m[32mINSERT INTO "strolls" ("date", "chien_id", "dog_sitter_id") VALUES (?, ?, ?)[0m  [["date", "2019-02-23"], ["chien_id", 7], ["dog_sitter_id", 6]]
  ↳ db/seeds.rb:30
  [1m[35m (9.3ms)[0m  [1m[36mcommit transaction[0m
  ↳ db/seeds.rb:30
  [1m[36mChien Load (0.3ms)[0m  [1m[34mSELECT "chiens".* FROM "chiens"[0m
  ↳ db/seeds.rb:30
  [1m[36mDogSitter Load (0.2ms)[0m  [1m[34mSELECT "dog_sitters".* FROM "dog_sitters"[0m
  ↳ db/seeds.rb:30
  [1m[35m (0.1ms)[0m  [1m[36mbegin transaction[0m
  ↳ db/seeds.rb:30
  [1m[36mChien Load (0.1ms)[0m  [1m[34mSELECT  "chiens".* FROM "chiens" WHERE "chiens"."id" = ? LIMIT ?[0m  [["id", 7], ["LIMIT", 1]]
  ↳ db/seeds.rb:30
  [1m[36mDogSitter Load (0.1ms)[0m  [1m[34mSELECT  "dog_sitters".* FROM "dog_sitters" WHERE "dog_sitters"."id" = ? LIMIT ?[0m  [["id", 6], ["LIMIT", 1]]
  ↳ db/seeds.rb:30
  [1m[36mStroll Create (0.4ms)[0m  [1m[32mINSERT INTO "strolls" ("date", "chien_id", "dog_sitter_id") VALUES (?, ?, ?)[0m  [["date", "2019-12-26"], ["chien_id", 7], ["dog_sitter_id", 6]]
  ↳ db/seeds.rb:30
  [1m[35m (5.0ms)[0m  [1m[36mcommit transaction[0m
  ↳ db/seeds.rb:30
  [1m[36mChien Load (0.2ms)[0m  [1m[34mSELECT "chiens".* FROM "chiens"[0m
  ↳ db/seeds.rb:30
  [1m[36mDogSitter Load (0.2ms)[0m  [1m[34mSELECT "dog_sitters".* FROM "dog_sitters"[0m
  ↳ db/seeds.rb:30
  [1m[35m (0.1ms)[0m  [1m[36mbegin transaction[0m
  ↳ db/seeds.rb:30
  [1m[36mChien Load (0.1ms)[0m  [1m[34mSELECT  "chiens".* FROM "chiens" WHERE "chiens"."id" = ? LIMIT ?[0m  [["id", 3], ["LIMIT", 1]]
  ↳ db/seeds.rb:30
  [1m[36mDogSitter Load (0.1ms)[0m  [1m[34mSELECT  "dog_sitters".* FROM "dog_sitters" WHERE "dog_sitters"."id" = ? LIMIT ?[0m  [["id", 7], ["LIMIT", 1]]
  ↳ db/seeds.rb:30
  [1m[36mStroll Create (0.3ms)[0m  [1m[32mINSERT INTO "strolls" ("date", "chien_id", "dog_sitter_id") VALUES (?, ?, ?)[0m  [["date", "2018-03-20"], ["chien_id", 3], ["dog_sitter_id", 7]]
  ↳ db/seeds.rb:30
  [1m[35m (4.6ms)[0m  [1m[36mcommit transaction[0m
  ↳ db/seeds.rb:30
  [1m[36mChien Load (0.1ms)[0m  [1m[34mSELECT "chiens".* FROM "chiens"[0m
  ↳ db/seeds.rb:30
  [1m[36mDogSitter Load (0.2ms)[0m  [1m[34mSELECT "dog_sitters".* FROM "dog_sitters"[0m
  ↳ db/seeds.rb:30
  [1m[35m (0.1ms)[0m  [1m[36mbegin transaction[0m
  ↳ db/seeds.rb:30
  [1m[36mChien Load (0.1ms)[0m  [1m[34mSELECT  "chiens".* FROM "chiens" WHERE "chiens"."id" = ? LIMIT ?[0m  [["id", 2], ["LIMIT", 1]]
  ↳ db/seeds.rb:30
  [1m[36mDogSitter Load (0.1ms)[0m  [1m[34mSELECT  "dog_sitters".* FROM "dog_sitters" WHERE "dog_sitters"."id" = ? LIMIT ?[0m  [["id", 5], ["LIMIT", 1]]
  ↳ db/seeds.rb:30
  [1m[36mStroll Create (0.2ms)[0m  [1m[32mINSERT INTO "strolls" ("date", "chien_id", "dog_sitter_id") VALUES (?, ?, ?)[0m  [["date", "2018-12-03"], ["chien_id", 2], ["dog_sitter_id", 5]]
  ↳ db/seeds.rb:30
  [1m[35m (8.7ms)[0m  [1m[36mcommit transaction[0m
  ↳ db/seeds.rb:30
  [1m[36mChien Load (0.2ms)[0m  [1m[34mSELECT "chiens".* FROM "chiens"[0m
  ↳ db/seeds.rb:30
  [1m[36mDogSitter Load (0.2ms)[0m  [1m[34mSELECT "dog_sitters".* FROM "dog_sitters"[0m
  ↳ db/seeds.rb:30
  [1m[35m (0.1ms)[0m  [1m[36mbegin transaction[0m
  ↳ db/seeds.rb:30
  [1m[36mChien Load (0.1ms)[0m  [1m[34mSELECT  "chiens".* FROM "chiens" WHERE "chiens"."id" = ? LIMIT ?[0m  [["id", 8], ["LIMIT", 1]]
  ↳ db/seeds.rb:30
  [1m[36mDogSitter Load (0.1ms)[0m  [1m[34mSELECT  "dog_sitters".* FROM "dog_sitters" WHERE "dog_sitters"."id" = ? LIMIT ?[0m  [["id", 10], ["LIMIT", 1]]
  ↳ db/seeds.rb:30
  [1m[36mStroll Create (0.4ms)[0m  [1m[32mINSERT INTO "strolls" ("date", "chien_id", "dog_sitter_id") VALUES (?, ?, ?)[0m  [["date", "2018-07-10"], ["chien_id", 8], ["dog_sitter_id", 10]]
  ↳ db/seeds.rb:30
  [1m[35m (9.0ms)[0m  [1m[36mcommit transaction[0m
  ↳ db/seeds.rb:30
  [1m[36mChien Load (0.2ms)[0m  [1m[34mSELECT "chiens".* FROM "chiens"[0m
  ↳ db/seeds.rb:30
  [1m[36mDogSitter Load (0.2ms)[0m  [1m[34mSELECT "dog_sitters".* FROM "dog_sitters"[0m
  ↳ db/seeds.rb:30
  [1m[35m (0.1ms)[0m  [1m[36mbegin transaction[0m
  ↳ db/seeds.rb:30
  [1m[36mChien Load (0.1ms)[0m  [1m[34mSELECT  "chiens".* FROM "chiens" WHERE "chiens"."id" = ? LIMIT ?[0m  [["id", 2], ["LIMIT", 1]]
  ↳ db/seeds.rb:30
  [1m[36mDogSitter Load (0.1ms)[0m  [1m[34mSELECT  "dog_sitters".* FROM "dog_sitters" WHERE "dog_sitters"."id" = ? LIMIT ?[0m  [["id", 9], ["LIMIT", 1]]
  ↳ db/seeds.rb:30
  [1m[36mStroll Create (0.4ms)[0m  [1m[32mINSERT INTO "strolls" ("date", "chien_id", "dog_sitter_id") VALUES (?, ?, ?)[0m  [["date", "2018-06-20"], ["chien_id", 2], ["dog_sitter_id", 9]]
  ↳ db/seeds.rb:30
  [1m[35m (4.9ms)[0m  [1m[36mcommit transaction[0m
  ↳ db/seeds.rb:30
  [1m[36mChien Load (0.2ms)[0m  [1m[34mSELECT "chiens".* FROM "chiens"[0m
  ↳ db/seeds.rb:30
  [1m[36mDogSitter Load (0.2ms)[0m  [1m[34mSELECT "dog_sitters".* FROM "dog_sitters"[0m
  ↳ db/seeds.rb:30
  [1m[35m (0.1ms)[0m  [1m[36mbegin transaction[0m
  ↳ db/seeds.rb:30
  [1m[36mChien Load (0.1ms)[0m  [1m[34mSELECT  "chiens".* FROM "chiens" WHERE "chiens"."id" = ? LIMIT ?[0m  [["id", 7], ["LIMIT", 1]]
  ↳ db/seeds.rb:30
  [1m[36mDogSitter Load (0.1ms)[0m  [1m[34mSELECT  "dog_sitters".* FROM "dog_sitters" WHERE "dog_sitters"."id" = ? LIMIT ?[0m  [["id", 5], ["LIMIT", 1]]
  ↳ db/seeds.rb:30
  [1m[36mStroll Create (0.3ms)[0m  [1m[32mINSERT INTO "strolls" ("date", "chien_id", "dog_sitter_id") VALUES (?, ?, ?)[0m  [["date", "2019-02-10"], ["chien_id", 7], ["dog_sitter_id", 5]]
  ↳ db/seeds.rb:30
  [1m[35m (4.5ms)[0m  [1m[36mcommit transaction[0m
  ↳ db/seeds.rb:30
  [1m[36mChien Load (0.1ms)[0m  [1m[34mSELECT "chiens".* FROM "chiens"[0m
  ↳ db/seeds.rb:30
  [1m[36mDogSitter Load (0.1ms)[0m  [1m[34mSELECT "dog_sitters".* FROM "dog_sitters"[0m
  ↳ db/seeds.rb:30
  [1m[35m (0.1ms)[0m  [1m[36mbegin transaction[0m
  ↳ db/seeds.rb:30
  [1m[36mChien Load (0.1ms)[0m  [1m[34mSELECT  "chiens".* FROM "chiens" WHERE "chiens"."id" = ? LIMIT ?[0m  [["id", 4], ["LIMIT", 1]]
  ↳ db/seeds.rb:30
  [1m[36mDogSitter Load (0.1ms)[0m  [1m[34mSELECT  "dog_sitters".* FROM "dog_sitters" WHERE "dog_sitters"."id" = ? LIMIT ?[0m  [["id", 6], ["LIMIT", 1]]
  ↳ db/seeds.rb:30
  [1m[36mStroll Create (0.2ms)[0m  [1m[32mINSERT INTO "strolls" ("date", "chien_id", "dog_sitter_id") VALUES (?, ?, ?)[0m  [["date", "2019-08-01"], ["chien_id", 4], ["dog_sitter_id", 6]]
  ↳ db/seeds.rb:30
  [1m[35m (8.8ms)[0m  [1m[36mcommit transaction[0m
  ↳ db/seeds.rb:30
  [1m[36mChien Load (0.2ms)[0m  [1m[34mSELECT "chiens".* FROM "chiens"[0m
  ↳ db/seeds.rb:30
  [1m[36mDogSitter Load (0.2ms)[0m  [1m[34mSELECT "dog_sitters".* FROM "dog_sitters"[0m
  ↳ db/seeds.rb:30
  [1m[35m (0.1ms)[0m  [1m[36mbegin transaction[0m
  ↳ db/seeds.rb:30
  [1m[36mChien Load (0.1ms)[0m  [1m[34mSELECT  "chiens".* FROM "chiens" WHERE "chiens"."id" = ? LIMIT ?[0m  [["id", 10], ["LIMIT", 1]]
  ↳ db/seeds.rb:30
  [1m[36mDogSitter Load (0.1ms)[0m  [1m[34mSELECT  "dog_sitters".* FROM "dog_sitters" WHERE "dog_sitters"."id" = ? LIMIT ?[0m  [["id", 5], ["LIMIT", 1]]
  ↳ db/seeds.rb:30
  [1m[36mStroll Create (0.4ms)[0m  [1m[32mINSERT INTO "strolls" ("date", "chien_id", "dog_sitter_id") VALUES (?, ?, ?)[0m  [["date", "2020-01-07"], ["chien_id", 10], ["dog_sitter_id", 5]]
  ↳ db/seeds.rb:30
  [1m[35m (10.7ms)[0m  [1m[36mcommit transaction[0m
  ↳ db/seeds.rb:30
  [1m[36mChien Load (0.2ms)[0m  [1m[34mSELECT "chiens".* FROM "chiens"[0m
  ↳ db/seeds.rb:30
  [1m[36mDogSitter Load (0.2ms)[0m  [1m[34mSELECT "dog_sitters".* FROM "dog_sitters"[0m
  ↳ db/seeds.rb:30
  [1m[35m (0.1ms)[0m  [1m[36mbegin transaction[0m
  ↳ db/seeds.rb:30
  [1m[36mChien Load (0.0ms)[0m  [1m[34mSELECT  "chiens".* FROM "chiens" WHERE "chiens"."id" = ? LIMIT ?[0m  [["id", 3], ["LIMIT", 1]]
  ↳ db/seeds.rb:30
  [1m[36mDogSitter Load (0.0ms)[0m  [1m[34mSELECT  "dog_sitters".* FROM "dog_sitters" WHERE "dog_sitters"."id" = ? LIMIT ?[0m  [["id", 5], ["LIMIT", 1]]
  ↳ db/seeds.rb:30
  [1m[36mStroll Create (0.2ms)[0m  [1m[32mINSERT INTO "strolls" ("date", "chien_id", "dog_sitter_id") VALUES (?, ?, ?)[0m  [["date", "2019-03-15"], ["chien_id", 3], ["dog_sitter_id", 5]]
  ↳ db/seeds.rb:30
  [1m[35m (4.4ms)[0m  [1m[36mcommit transaction[0m
  ↳ db/seeds.rb:30
  [1m[36mChien Load (0.1ms)[0m  [1m[34mSELECT "chiens".* FROM "chiens"[0m
  ↳ db/seeds.rb:30
  [1m[36mDogSitter Load (0.0ms)[0m  [1m[34mSELECT "dog_sitters".* FROM "dog_sitters"[0m
  ↳ db/seeds.rb:30
  [1m[35m (0.0ms)[0m  [1m[36mbegin transaction[0m
  ↳ db/seeds.rb:30
  [1m[36mChien Load (0.0ms)[0m  [1m[34mSELECT  "chiens".* FROM "chiens" WHERE "chiens"."id" = ? LIMIT ?[0m  [["id", 1], ["LIMIT", 1]]
  ↳ db/seeds.rb:30
  [1m[36mDogSitter Load (0.0ms)[0m  [1m[34mSELECT  "dog_sitters".* FROM "dog_sitters" WHERE "dog_sitters"."id" = ? LIMIT ?[0m  [["id", 9], ["LIMIT", 1]]
  ↳ db/seeds.rb:30
  [1m[36mStroll Create (0.1ms)[0m  [1m[32mINSERT INTO "strolls" ("date", "chien_id", "dog_sitter_id") VALUES (?, ?, ?)[0m  [["date", "2018-08-09"], ["chien_id", 1], ["dog_sitter_id", 9]]
  ↳ db/seeds.rb:30
  [1m[35m (5.6ms)[0m  [1m[36mcommit transaction[0m
  ↳ db/seeds.rb:30
  [1m[36mChien Load (0.2ms)[0m  [1m[34mSELECT "chiens".* FROM "chiens"[0m
  ↳ db/seeds.rb:30
  [1m[36mDogSitter Load (0.2ms)[0m  [1m[34mSELECT "dog_sitters".* FROM "dog_sitters"[0m
  ↳ db/seeds.rb:30
  [1m[35m (0.1ms)[0m  [1m[36mbegin transaction[0m
  ↳ db/seeds.rb:30
  [1m[36mChien Load (0.1ms)[0m  [1m[34mSELECT  "chiens".* FROM "chiens" WHERE "chiens"."id" = ? LIMIT ?[0m  [["id", 10], ["LIMIT", 1]]
  ↳ db/seeds.rb:30
  [1m[36mDogSitter Load (0.1ms)[0m  [1m[34mSELECT  "dog_sitters".* FROM "dog_sitters" WHERE "dog_sitters"."id" = ? LIMIT ?[0m  [["id", 10], ["LIMIT", 1]]
  ↳ db/seeds.rb:30
  [1m[36mStroll Create (0.4ms)[0m  [1m[32mINSERT INTO "strolls" ("date", "chien_id", "dog_sitter_id") VALUES (?, ?, ?)[0m  [["date", "2018-02-16"], ["chien_id", 10], ["dog_sitter_id", 10]]
  ↳ db/seeds.rb:30
  [1m[35m (9.0ms)[0m  [1m[36mcommit transaction[0m
  ↳ db/seeds.rb:30
  [1m[36mChien Load (0.2ms)[0m  [1m[34mSELECT "chiens".* FROM "chiens"[0m
  ↳ db/seeds.rb:30
  [1m[36mDogSitter Load (0.2ms)[0m  [1m[34mSELECT "dog_sitters".* FROM "dog_sitters"[0m
  ↳ db/seeds.rb:30
  [1m[35m (0.1ms)[0m  [1m[36mbegin transaction[0m
  ↳ db/seeds.rb:30
  [1m[36mChien Load (0.1ms)[0m  [1m[34mSELECT  "chiens".* FROM "chiens" WHERE "chiens"."id" = ? LIMIT ?[0m  [["id", 9], ["LIMIT", 1]]
  ↳ db/seeds.rb:30
  [1m[36mDogSitter Load (0.1ms)[0m  [1m[34mSELECT  "dog_sitters".* FROM "dog_sitters" WHERE "dog_sitters"."id" = ? LIMIT ?[0m  [["id", 6], ["LIMIT", 1]]
  ↳ db/seeds.rb:30
  [1m[36mStroll Create (0.4ms)[0m  [1m[32mINSERT INTO "strolls" ("date", "chien_id", "dog_sitter_id") VALUES (?, ?, ?)[0m  [["date", "2019-04-04"], ["chien_id", 9], ["dog_sitter_id", 6]]
  ↳ db/seeds.rb:30
  [1m[35m (9.1ms)[0m  [1m[36mcommit transaction[0m
  ↳ db/seeds.rb:30
  [1m[36mChien Load (0.2ms)[0m  [1m[34mSELECT "chiens".* FROM "chiens"[0m
  ↳ db/seeds.rb:30
  [1m[36mDogSitter Load (0.2ms)[0m  [1m[34mSELECT "dog_sitters".* FROM "dog_sitters"[0m
  ↳ db/seeds.rb:30
  [1m[35m (0.1ms)[0m  [1m[36mbegin transaction[0m
  ↳ db/seeds.rb:30
  [1m[36mChien Load (0.1ms)[0m  [1m[34mSELECT  "chiens".* FROM "chiens" WHERE "chiens"."id" = ? LIMIT ?[0m  [["id", 5], ["LIMIT", 1]]
  ↳ db/seeds.rb:30
  [1m[36mDogSitter Load (0.1ms)[0m  [1m[34mSELECT  "dog_sitters".* FROM "dog_sitters" WHERE "dog_sitters"."id" = ? LIMIT ?[0m  [["id", 5], ["LIMIT", 1]]
  ↳ db/seeds.rb:30
  [1m[36mStroll Create (0.4ms)[0m  [1m[32mINSERT INTO "strolls" ("date", "chien_id", "dog_sitter_id") VALUES (?, ?, ?)[0m  [["date", "2019-05-16"], ["chien_id", 5], ["dog_sitter_id", 5]]
  ↳ db/seeds.rb:30
  [1m[35m (9.0ms)[0m  [1m[36mcommit transaction[0m
  ↳ db/seeds.rb:30
  [1m[36mChien Load (0.2ms)[0m  [1m[34mSELECT "chiens".* FROM "chiens"[0m
  ↳ db/seeds.rb:30
  [1m[36mDogSitter Load (0.2ms)[0m  [1m[34mSELECT "dog_sitters".* FROM "dog_sitters"[0m
  ↳ db/seeds.rb:30
  [1m[35m (0.1ms)[0m  [1m[36mbegin transaction[0m
  ↳ db/seeds.rb:30
  [1m[36mChien Load (0.1ms)[0m  [1m[34mSELECT  "chiens".* FROM "chiens" WHERE "chiens"."id" = ? LIMIT ?[0m  [["id", 3], ["LIMIT", 1]]
  ↳ db/seeds.rb:30
  [1m[36mDogSitter Load (0.1ms)[0m  [1m[34mSELECT  "dog_sitters".* FROM "dog_sitters" WHERE "dog_sitters"."id" = ? LIMIT ?[0m  [["id", 1], ["LIMIT", 1]]
  ↳ db/seeds.rb:30
  [1m[36mStroll Create (0.4ms)[0m  [1m[32mINSERT INTO "strolls" ("date", "chien_id", "dog_sitter_id") VALUES (?, ?, ?)[0m  [["date", "2019-03-30"], ["chien_id", 3], ["dog_sitter_id", 1]]
  ↳ db/seeds.rb:30
  [1m[35m (52.2ms)[0m  [1m[36mcommit transaction[0m
  ↳ db/seeds.rb:30
  [1m[36mCity Load (0.3ms)[0m  [1m[34mSELECT "cities".* FROM "cities"[0m
  [1m[36mDogSitter Load (0.2ms)[0m  [1m[34mSELECT "dog_sitters".* FROM "dog_sitters"[0m
  [1m[36mChien Load (0.1ms)[0m  [1m[34mSELECT "chiens".* FROM "chiens"[0m
  [1m[36mStroll Load (0.5ms)[0m  [1m[34mSELECT "strolls".* FROM "strolls"[0m
